<?xml version="1.0" encoding="UTF-8"?>
<testng-results ignored="0" total="1" passed="1" failed="0" skipped="0">
  <reporter-output>
  </reporter-output>
  <suite started-at="2025-09-01T16:00:46 IST" name="Default suite" finished-at="2025-09-01T16:02:17 IST" duration-ms="90808">
    <groups>
    </groups>
    <test started-at="2025-09-01T16:00:46 IST" name="Default test" finished-at="2025-09-01T16:02:17 IST" duration-ms="90808">
      <class name="testpkg.santatestclass">
        <test-method is-config="true" signature="start()[pri:0, instance:testpkg.santatestclass@34123d65]" started-at="2025-09-01T16:00:46 IST" name="start" finished-at="2025-09-01T16:01:25 IST" duration-ms="38670" status="PASS">
          <reporter-output>
          </reporter-output>
        </test-method> <!-- start -->
        <test-method signature="test()[pri:0, instance:testpkg.santatestclass@34123d65]" started-at="2025-09-01T16:01:25 IST" name="test" finished-at="2025-09-01T16:02:17 IST" duration-ms="52053" status="PASS">
          <reporter-output>
          </reporter-output>
        </test-method> <!-- test -->
      </class> <!-- testpkg.santatestclass -->
    </test> <!-- Default test -->
  </suite> <!-- Default suite -->
</testng-results>
